\BOOKMARK [1][-]{section.1}{Gratitude}{}% 1
\BOOKMARK [1][-]{section.2}{Introduction}{}% 2
\BOOKMARK [1][-]{section.3}{Granular Synthesis}{}% 3
\BOOKMARK [2][-]{subsection.3.1}{What is it?}{section.3}% 4
\BOOKMARK [1][-]{section.4}{Convolution}{}% 5
\BOOKMARK [2][-]{subsection.4.1}{What is it?}{section.4}% 6
\BOOKMARK [2][-]{subsection.4.2}{Reverberation}{section.4}% 7
\BOOKMARK [2][-]{subsection.4.3}{Algorithmic Efficiency}{section.4}% 8
\BOOKMARK [1][-]{section.5}{Granuvolver}{}% 9
\BOOKMARK [2][-]{subsection.5.1}{Why Max?}{section.5}% 10
\BOOKMARK [2][-]{subsection.5.2}{Features}{section.5}% 11
\BOOKMARK [2][-]{subsection.5.3}{Installation}{section.5}% 12
\BOOKMARK [3][-]{subsubsection.5.3.1}{OSX 64-bit}{subsection.5.3}% 13
\BOOKMARK [2][-]{subsection.5.4}{How to use}{section.5}% 14
\BOOKMARK [2][-]{subsection.5.5}{Future Improvements}{section.5}% 15
\BOOKMARK [3][-]{subsubsection.5.5.1}{Known Bugs}{subsection.5.5}% 16
\BOOKMARK [3][-]{subsubsection.5.5.2}{Suggested Improvements}{subsection.5.5}% 17
\BOOKMARK [1][-]{section.6}{Music Piece}{}% 18
\BOOKMARK [1][-]{section.7}{Conclusion}{}% 19
\BOOKMARK [1][-]{section.8}{References}{}% 20
